<?xml version="1.0" encoding="UTF-8"?>
<!-- Generated by org.testng.reporters.JUnitReportReporter -->
<testsuite hostname="Anji" failures="0" tests="3" name="TestNG.Annotation_DataProvider" time="2.972" errors="0" timestamp="2024-11-14T18:26:14 IST" skipped="0">
  <testcase classname="TestNG.Annotation_DataProvider" name="addCredentials" time="1.736"/>
  <system-out/>
  <testcase classname="TestNG.Annotation_DataProvider" name="addCredentials" time="0.781"/>
  <system-out/>
  <testcase classname="TestNG.Annotation_DataProvider" name="addCredentials" time="0.455"/>
  <system-out/>
</testsuite> <!-- TestNG.Annotation_DataProvider -->
