<?xml version="1.0" encoding="UTF-8"?>
<!-- Generated by org.testng.reporters.JUnitReportReporter -->
<testsuite hostname="Anji" failures="0" tests="7" name="TestNGAttributes.InvocationCount_Attribute" time="2.152" errors="0" timestamp="2024-11-14T19:32:14 IST" skipped="1">
  <testcase classname="TestNGAttributes.InvocationCount_Attribute" name="enterUsername" time="0.237"/>
  <system-out/>
  <testcase classname="TestNGAttributes.InvocationCount_Attribute" name="enterUsername" time="0.298"/>
  <system-out/>
  <testcase classname="TestNGAttributes.InvocationCount_Attribute" name="enterUsername" time="0.109"/>
  <system-out/>
  <testcase classname="TestNGAttributes.InvocationCount_Attribute" name="enterUsername" time="0.174"/>
  <system-out/>
  <testcase classname="TestNGAttributes.InvocationCount_Attribute" name="enterUsername" time="1.150"/>
  <system-out/>
  <testcase classname="TestNGAttributes.InvocationCount_Attribute" name="enterPassword" time="0.184"/>
  <system-out/>
  <testcase classname="TestNGAttributes.InvocationCount_Attribute" name="clickLogin">
    <skipped/>
  </testcase> <!-- clickLogin -->
  <system-out/>
</testsuite> <!-- TestNGAttributes.InvocationCount_Attribute -->
