<?xml version="1.0" encoding="UTF-8"?>
<!-- Generated by org.testng.reporters.JUnitReportReporter -->
<testsuite hostname="Anji" failures="0" tests="3" name="TestNGScreenShots.Anji_Example" time="6.500" errors="0" timestamp="2024-11-15T20:20:24 IST" skipped="0">
  <testcase classname="TestNGScreenShots.Anji_Example" name="enterUsername" time="3.177"/>
  <system-out/>
  <testcase classname="TestNGScreenShots.Anji_Example" name="enterPassword" time="0.836"/>
  <system-out/>
  <testcase classname="TestNGScreenShots.Anji_Example" name="clickLogin" time="2.487"/>
  <system-out/>
</testsuite> <!-- TestNGScreenShots.Anji_Example -->
