<?xml version="1.0" encoding="UTF-8"?>
<!-- Generated by org.testng.reporters.JUnitReportReporter -->
<testsuite hostname="Anji" failures="0" tests="2" name="ExtentReports.ExtentReportExample2" time="19.571" errors="0" timestamp="2024-11-21T20:39:33 IST" skipped="0">
  <testcase classname="ExtentReports.ExtentReportExample2" name="loginToOrangeHRM" time="19.517"/>
  <system-out/>
  <testcase classname="ExtentReports.ExtentReportExample2" name="clickLogout" time="0.054"/>
  <system-out/>
</testsuite> <!-- ExtentReports.ExtentReportExample2 -->
