<?xml version="1.0" encoding="UTF-8"?>
<!-- Generated by org.testng.reporters.JUnitReportReporter -->
<testsuite hostname="Anji" failures="0" tests="4" name="TestNGAssertions.SoftAssertions" time="5.066" errors="0" timestamp="2024-11-15T14:12:37 IST" skipped="0">
  <testcase classname="TestNGAssertions.SoftAssertions" name="verifyTitle" time="0.162"/>
  <system-out/>
  <testcase classname="TestNGAssertions.SoftAssertions" name="enterUsername" time="3.339"/>
  <system-out/>
  <testcase classname="TestNGAssertions.SoftAssertions" name="enterPassword" time="0.621"/>
  <system-out/>
  <testcase classname="TestNGAssertions.SoftAssertions" name="clickLogin" time="0.944"/>
  <system-out/>
</testsuite> <!-- TestNGAssertions.SoftAssertions -->
