<?xml version="1.0" encoding="UTF-8"?>
<!-- Generated by org.testng.reporters.JUnitReportReporter -->
<testsuite hostname="Anji" failures="0" tests="3" name="TestNGScreenShots.Screenshot_Example" time="10.135" errors="0" timestamp="2024-11-15T20:12:33 IST" skipped="0">
  <testcase classname="TestNGScreenShots.Screenshot_Example" name="enterUsername" time="7.567"/>
  <system-out/>
  <testcase classname="TestNGScreenShots.Screenshot_Example" name="enterPassword" time="0.730"/>
  <system-out/>
  <testcase classname="TestNGScreenShots.Screenshot_Example" name="clickLogin" time="1.838"/>
  <system-out/>
</testsuite> <!-- TestNGScreenShots.Screenshot_Example -->
