<?xml version="1.0" encoding="UTF-8"?>
<!-- Generated by org.testng.reporters.JUnitReportReporter -->
<testsuite hostname="Anji" failures="0" tests="3" name="TestNG.TC_3_VerifyAdminTab" time="6.053" errors="0" timestamp="2024-11-14T13:48:24 IST" skipped="0">
  <testcase classname="TestNG.TC_3_VerifyAdminTab" name="enterUsername" time="5.285"/>
  <system-out/>
  <testcase classname="TestNG.TC_3_VerifyAdminTab" name="enterPassword" time="0.339"/>
  <system-out/>
  <testcase classname="TestNG.TC_3_VerifyAdminTab" name="clickLogin" time="0.429"/>
  <system-out/>
</testsuite> <!-- TestNG.TC_3_VerifyAdminTab -->
