<?xml version="1.0" encoding="UTF-8"?>
<!-- Generated by org.testng.reporters.JUnitReportReporter -->
<testsuite hostname="Anji" failures="0" tests="3" name="TestNG.TC_4_LoginToOrangHRM_UsingInheritence" time="2.004" errors="0" timestamp="2024-11-14T17:23:00 IST" skipped="0">
  <testcase classname="TestNG.TC_4_LoginToOrangHRM_UsingInheritence" name="enterUsername" time="1.322"/>
  <system-out/>
  <testcase classname="TestNG.TC_4_LoginToOrangHRM_UsingInheritence" name="enterPassword" time="0.378"/>
  <system-out/>
  <testcase classname="TestNG.TC_4_LoginToOrangHRM_UsingInheritence" name="clickLogin" time="0.304"/>
  <system-out/>
</testsuite> <!-- TestNG.TC_4_LoginToOrangHRM_UsingInheritence -->
