<?xml version="1.0" encoding="UTF-8"?>
<!-- Generated by org.testng.reporters.JUnitReportReporter -->
<testsuite hostname="Anji" failures="0" tests="3" name="TestNGAttributes.Timeout_Attribute" time="4.405" errors="0" timestamp="2024-11-14T19:28:51 IST" skipped="0">
  <testcase classname="TestNGAttributes.Timeout_Attribute" name="enterUsername" time="3.128"/>
  <system-out/>
  <testcase classname="TestNGAttributes.Timeout_Attribute" name="enterPassword" time="0.990"/>
  <system-out/>
  <testcase classname="TestNGAttributes.Timeout_Attribute" name="clickLogin" time="0.287"/>
  <system-out/>
</testsuite> <!-- TestNGAttributes.Timeout_Attribute -->
