<?xml version="1.0" encoding="UTF-8"?>
<!-- Generated by org.testng.reporters.JUnitReportReporter -->
<testsuite hostname="Anji" failures="0" tests="3" name="TestNGAttributes.DependsOnMethod_Attribute" time="5.596" errors="0" timestamp="2024-11-14T19:37:29 IST" skipped="0">
  <testcase classname="TestNGAttributes.DependsOnMethod_Attribute" name="clickLogin" time="3.166"/>
  <system-out/>
  <testcase classname="TestNGAttributes.DependsOnMethod_Attribute" name="enterUsername" time="1.737"/>
  <system-out/>
  <testcase classname="TestNGAttributes.DependsOnMethod_Attribute" name="enterPassword" time="0.693"/>
  <system-out/>
</testsuite> <!-- TestNGAttributes.DependsOnMethod_Attribute -->
