<?xml version="1.0" encoding="UTF-8"?>
<!-- Generated by org.testng.reporters.JUnitReportReporter -->
<testsuite hostname="Anji" failures="0" tests="5" name="Tests.TC_3_VerifyLoginAndLogout" time="47.137" errors="0" timestamp="2024-11-21T18:13:18 IST" skipped="0">
  <testcase classname="Tests.TC_3_VerifyLoginAndLogout" name="enterUsername" time="28.320"/>
  <system-out/>
  <testcase classname="Tests.TC_3_VerifyLoginAndLogout" name="enterPassword" time="2.051"/>
  <system-out/>
  <testcase classname="Tests.TC_3_VerifyLoginAndLogout" name="clickLogin" time="5.121"/>
  <system-out/>
  <testcase classname="Tests.TC_3_VerifyLoginAndLogout" name="clickUserDropdown" time="6.410"/>
  <system-out/>
  <testcase classname="Tests.TC_3_VerifyLoginAndLogout" name="clickLogout" time="5.235"/>
  <system-out/>
</testsuite> <!-- Tests.TC_3_VerifyLoginAndLogout -->
