<?xml version="1.0" encoding="UTF-8"?>
<!-- Generated by org.testng.reporters.JUnitReportReporter -->
<testsuite hostname="Anji" failures="0" tests="4" name="TestNG.TC_2_VerifyAdminTab" time="31.105" errors="0" timestamp="2024-11-14T13:48:23 IST" skipped="0">
  <testcase classname="TestNG.TC_2_VerifyAdminTab" name="enterUsername" time="6.882"/>
  <system-out/>
  <testcase classname="TestNG.TC_2_VerifyAdminTab" name="enterPassword" time="2.138"/>
  <system-out/>
  <testcase classname="TestNG.TC_2_VerifyAdminTab" name="clickLogin" time="5.953"/>
  <system-out/>
  <testcase classname="TestNG.TC_2_VerifyAdminTab" name="clickAdmin" time="16.132"/>
  <system-out/>
</testsuite> <!-- TestNG.TC_2_VerifyAdminTab -->
