<?xml version="1.0" encoding="UTF-8"?>
<!-- Generated by org.testng.reporters.JUnitReportReporter -->
<testsuite hostname="Anji" failures="0" tests="4" name="Tests.TC_2_ForgotYourPasswordTest" time="20.185" errors="0" timestamp="2024-11-19T13:23:02 IST" skipped="0">
  <testcase classname="Tests.TC_2_ForgotYourPasswordTest" name="verifyForgotYourPassword" time="10.252"/>
  <system-out/>
  <testcase classname="Tests.TC_2_ForgotYourPasswordTest" name="clickForgotYourPassword" time="3.990"/>
  <system-out/>
  <testcase classname="Tests.TC_2_ForgotYourPasswordTest" name="enterUsername" time="3.577"/>
  <system-out/>
  <testcase classname="Tests.TC_2_ForgotYourPasswordTest" name="clickCancel" time="2.366"/>
  <system-out/>
</testsuite> <!-- Tests.TC_2_ForgotYourPasswordTest -->
