<?xml version="1.0" encoding="UTF-8"?>
<!-- Generated by org.testng.reporters.JUnitReportReporter -->
<testsuite hostname="Anji" failures="0" tests="6" name="Tests.TC_1_VerifyLoginTest" time="8.667" errors="0" timestamp="2024-11-19T12:58:45 IST" skipped="0">
  <testcase classname="Tests.TC_1_VerifyLoginTest" name="verifyLogo" time="3.517"/>
  <system-out/>
  <testcase classname="Tests.TC_1_VerifyLoginTest" name="verifyForgotYourPassword" time="0.826"/>
  <system-out/>
  <testcase classname="Tests.TC_1_VerifyLoginTest" name="verifyDasdas" time="0.637"/>
  <system-out/>
  <testcase classname="Tests.TC_1_VerifyLoginTest" name="clickLogin" time="1.229"/>
  <system-out/>
  <testcase classname="Tests.TC_1_VerifyLoginTest" name="enterUsername" time="1.581"/>
  <system-out/>
  <testcase classname="Tests.TC_1_VerifyLoginTest" name="enterPassword" time="0.877"/>
  <system-out/>
</testsuite> <!-- Tests.TC_1_VerifyLoginTest -->
