<?xml version="1.0" encoding="UTF-8"?>
<!-- Generated by org.testng.reporters.JUnitReportReporter -->
<testsuite hostname="Anji" failures="0" tests="3" name="TestNGAttributes.Priority_Attribute" time="7.685" errors="0" timestamp="2024-11-14T19:27:47 IST" skipped="0">
  <testcase classname="TestNGAttributes.Priority_Attribute" name="enterUsername" time="4.370"/>
  <system-out/>
  <testcase classname="TestNGAttributes.Priority_Attribute" name="enterPassword" time="0.968"/>
  <system-out/>
  <testcase classname="TestNGAttributes.Priority_Attribute" name="clickLogin" time="2.347"/>
  <system-out/>
</testsuite> <!-- TestNGAttributes.Priority_Attribute -->
