<?xml version="1.0" encoding="UTF-8"?>
<!-- Generated by org.testng.reporters.JUnitReportReporter -->
<testsuite hostname="Anji" failures="0" tests="3" name="TestNGAttributes.Description_Attribute" time="3.587" errors="0" timestamp="2024-11-14T19:33:11 IST" skipped="0">
  <testcase classname="TestNGAttributes.Description_Attribute" name="enterUsername" time="1.073"/>
  <system-out/>
  <testcase classname="TestNGAttributes.Description_Attribute" name="enterPassword" time="0.387"/>
  <system-out/>
  <testcase classname="TestNGAttributes.Description_Attribute" name="clickLogin" time="2.127"/>
  <system-out/>
</testsuite> <!-- TestNGAttributes.Description_Attribute -->
