<?xml version="1.0" encoding="UTF-8"?>
<!-- Generated by org.testng.reporters.JUnitReportReporter -->
<testsuite hostname="Anji" failures="0" tests="1" name="ExtentReports.ExtentReportExample" time="8.708" errors="0" timestamp="2024-11-21T20:14:02 IST" skipped="0">
  <testcase classname="ExtentReports.ExtentReportExample" name="loginToOrangeHRM" time="8.708"/>
  <system-out/>
</testsuite> <!-- ExtentReports.ExtentReportExample -->
