<?xml version="1.0" encoding="UTF-8"?>
<!-- Generated by org.testng.reporters.JUnitReportReporter -->
<testsuite hostname="Anji" failures="0" tests="3" name="TestNGAttributes.Enabled_Attribute" time="4.921" errors="0" timestamp="2024-11-14T19:31:29 IST" skipped="1">
  <testcase classname="TestNGAttributes.Enabled_Attribute" name="enterUsername" time="4.179"/>
  <system-out/>
  <testcase classname="TestNGAttributes.Enabled_Attribute" name="enterPassword" time="0.742"/>
  <system-out/>
  <testcase classname="TestNGAttributes.Enabled_Attribute" name="clickLogin">
    <skipped/>
  </testcase> <!-- clickLogin -->
  <system-out/>
</testsuite> <!-- TestNGAttributes.Enabled_Attribute -->
