<?xml version="1.0" encoding="UTF-8"?>
<!-- Generated by org.testng.reporters.JUnitReportReporter -->
<testsuite hostname="Anji" failures="0" tests="3" name="TestNG.TC_1_LoginToOrangHRM" time="14.675" errors="0" timestamp="2024-11-15T18:46:31 IST" skipped="0">
  <testcase classname="TestNG.TC_1_LoginToOrangHRM" name="enterUsername" time="11.757"/>
  <system-out/>
  <testcase classname="TestNG.TC_1_LoginToOrangHRM" name="enterPassword" time="0.345"/>
  <system-out/>
  <testcase classname="TestNG.TC_1_LoginToOrangHRM" name="clickLogin" time="2.573"/>
  <system-out/>
</testsuite> <!-- TestNG.TC_1_LoginToOrangHRM -->
